<?xml version="1.0" encoding="UTF-8"?>
<testng-results skipped="0" failed="0" ignored="0" total="1" passed="1">
  <reporter-output>
  </reporter-output>
  <suite name="Default suite" duration-ms="12350" started-at="2023-05-24T12:24:14Z" finished-at="2023-05-24T12:24:26Z">
    <groups>
    </groups>
    <test name="Default test" duration-ms="12350" started-at="2023-05-24T12:24:14Z" finished-at="2023-05-24T12:24:26Z">
      <class name="com.test.User">
        <test-method status="PASS" signature="postUser()[pri:0, instance:com.test.User@47ef968d]" name="postUser" duration-ms="12257" started-at="2023-05-24T12:24:14Z" finished-at="2023-05-24T12:24:26Z">
          <reporter-output>
          </reporter-output>
        </test-method> <!-- postUser -->
      </class> <!-- com.test.User -->
    </test> <!-- Default test -->
  </suite> <!-- Default suite -->
</testng-results>
